2019-04-28 15:32:47.474  INFO 14772 --- [main] c.t.s.eureka.EurekaServerApplication     : The following profiles are active: dev
2019-04-28 15:32:48.109  WARN 14772 --- [main] o.s.boot.actuate.endpoint.EndpointId     : Endpoint ID 'service-registry' contains invalid characters, please migrate to a valid format.
2019-04-28 15:32:48.241  INFO 14772 --- [main] o.s.cloud.context.scope.GenericScope     : BeanFactory id=972728f9-92a6-3dfe-892c-b3c1c85b177a
2019-04-28 15:32:48.309  INFO 14772 --- [main] trationDelegate$BeanPostProcessorChecker : Bean 'org.springframework.cloud.autoconfigure.ConfigurationPropertiesRebinderAutoConfiguration' of type [org.springframework.cloud.autoconfigure.ConfigurationPropertiesRebinderAutoConfiguration$$EnhancerBySpringCGLIB$$518d50c1] is not eligible for getting processed by all BeanPostProcessors (for example: not eligible for auto-proxying)
2019-04-28 15:32:48.538  INFO 14772 --- [main] o.s.b.w.embedded.tomcat.TomcatWebServer  : Tomcat initialized with port(s): 8761 (http)
2019-04-28 15:32:48.558  INFO 14772 --- [main] o.apache.catalina.core.StandardService   : Starting service [Tomcat]
2019-04-28 15:32:48.559  INFO 14772 --- [main] org.apache.catalina.core.StandardEngine  : Starting Servlet engine: [Apache Tomcat/9.0.17]
2019-04-28 15:32:48.698  INFO 14772 --- [main] o.a.c.c.C.[Tomcat].[localhost].[/]       : Initializing Spring embedded WebApplicationContext
2019-04-28 15:32:48.699  INFO 14772 --- [main] o.s.web.context.ContextLoader            : Root WebApplicationContext: initialization completed in 1215 ms
2019-04-28 15:32:48.782  WARN 14772 --- [main] c.n.c.sources.URLConfigurationSource     : No URLs will be polled as dynamic configuration sources.
2019-04-28 15:32:48.782  INFO 14772 --- [main] c.n.c.sources.URLConfigurationSource     : To enable URLs as dynamic configuration sources, define System property archaius.configurationSource.additionalUrls or make config.properties available on classpath.
2019-04-28 15:32:48.791  INFO 14772 --- [main] c.netflix.config.DynamicPropertyFactory  : DynamicPropertyFactory is initialized with configuration sources: com.netflix.config.ConcurrentCompositeConfiguration@3414a8c3
2019-04-28 15:32:49.222  WARN 14772 --- [main] c.n.c.sources.URLConfigurationSource     : No URLs will be polled as dynamic configuration sources.
2019-04-28 15:32:49.223  INFO 14772 --- [main] c.n.c.sources.URLConfigurationSource     : To enable URLs as dynamic configuration sources, define System property archaius.configurationSource.additionalUrls or make config.properties available on classpath.
2019-04-28 15:32:49.347  INFO 14772 --- [main] o.s.s.concurrent.ThreadPoolTaskExecutor  : Initializing ExecutorService 'applicationTaskExecutor'
2019-04-28 15:32:49.785  INFO 14772 --- [main] o.s.b.a.e.web.EndpointLinksResolver      : Exposing 2 endpoint(s) beneath base path '/actuator'
2019-04-28 15:32:49.854  INFO 14772 --- [main] o.s.c.n.eureka.InstanceInfoFactory       : Setting initial instance status as: STARTING
2019-04-28 15:32:49.876  INFO 14772 --- [main] com.netflix.discovery.DiscoveryClient    : Initializing Eureka in region us-east-1
2019-04-28 15:32:49.877  INFO 14772 --- [main] com.netflix.discovery.DiscoveryClient    : Client configured to neither register nor query for data.
2019-04-28 15:32:49.882  INFO 14772 --- [main] com.netflix.discovery.DiscoveryClient    : Discovery Client initialized at timestamp 1556436769881 with initial instances count: 0
2019-04-28 15:32:49.886  INFO 14772 --- [main] o.s.c.n.e.s.EurekaServiceRegistry        : Registering application EUREKA-SERVER with eureka with status UP
2019-04-28 15:32:49.916  INFO 14772 --- [main] o.s.b.w.embedded.tomcat.TomcatWebServer  : Tomcat started on port(s): 8761 (http) with context path ''
2019-04-28 15:32:49.917  INFO 14772 --- [main] .s.c.n.e.s.EurekaAutoServiceRegistration : Updating port to 8761
2019-04-28 15:32:49.919  INFO 14772 --- [main] c.t.s.eureka.EurekaServerApplication     : Started EurekaServerApplication in 3.604 seconds (JVM running for 4.379)
2019-04-28 15:32:50.276  INFO 14772 --- [RMI TCP Connection(4)-127.0.0.1] o.a.c.c.C.[Tomcat].[localhost].[/]       : Initializing Spring DispatcherServlet 'dispatcherServlet'
2019-04-28 15:32:50.276  INFO 14772 --- [RMI TCP Connection(4)-127.0.0.1] o.s.web.servlet.DispatcherServlet        : Initializing Servlet 'dispatcherServlet'
2019-04-28 15:32:50.281  INFO 14772 --- [RMI TCP Connection(4)-127.0.0.1] o.s.web.servlet.DispatcherServlet        : Completed initialization in 5 ms
